<?xml version="1.0" encoding="UTF-8"?>
<!-- Generated by org.testng.reporters.JUnitXMLReporter -->
<testsuite ignored="0" hostname="orpheus" failures="0" tests="3" name="Surefire test" time="19.761" errors="0" timestamp="2023-09-07T07:30:53 BST">
  <testcase classname="selenium.Tests.SubmitOrderTest" name="submitOrder" time="3.664"/>
  <testcase classname="selenium.Tests.SubmitOrderTest" name="submitOrder" time="3.223"/>
  <testcase classname="selenium.Tests.SubmitOrderTest" name="orderHistoryTest" time="0.786"/>
</testsuite> <!-- Surefire test -->
