<?xml version="1.0" encoding="UTF-8"?>
<!-- Generated by org.testng.reporters.JUnitXMLReporter -->
<testsuite ignored="0" hostname="orpheus" failures="0" tests="2" name="Error Validations Test" time="8.427" errors="0" timestamp="2023-09-01T04:07:48 BST">
  <testcase classname="selenium.Tests.ErrorValidations" name="loginErrorValidation" time="0.396"/>
  <testcase classname="selenium.Tests.ErrorValidations" name="productErrorValidation" time="2.415"/>
</testsuite> <!-- Error Validations Test -->
